<?xml version="1.0" encoding="UTF-8"?>
<testng-results skipped="2" failed="0" total="4" passed="2">
  <reporter-output>
  </reporter-output>
  <suite name="Command line suite" duration-ms="56379" started-at="2018-09-16T11:01:27Z" finished-at="2018-09-16T11:02:23Z">
    <groups>
    </groups>
    <test name="Command line test" duration-ms="56379" started-at="2018-09-16T11:01:27Z" finished-at="2018-09-16T11:02:23Z">
      <class name="com.automation.qa.testcases.CreateAccountTest">
        <test-method status="FAIL" signature="SetUp()[pri:0, instance:com.automation.qa.testcases.CreateAccountTest@39aeed2f]" name="SetUp" is-config="true" duration-ms="0" started-at="2018-09-16T16:31:27Z" finished-at="2018-09-16T16:31:27Z">
          <exception class="org.openqa.selenium.TimeoutException">
            <message>
              <![CDATA[timeout
  (Session info: chrome=68.0.3440.106)
  (Driver info: chromedriver=2.42.591088 (7b2b2dca23cca0862f674758c9a3933e685c27d5),platform=Windows NT 10.0.17134 x86_64) (WARNING: The server did not provide any stacktrace information)
Command duration or timeout: 0 milliseconds
Build info: version: '3.14.0', revision: 'aacccce0', time: '2018-08-02T20:19:58.91Z'
System info: host: 'NISCHAL', ip: '192.168.0.106', os.name: 'Windows 10', os.arch: 'amd64', os.version: '10.0', java.version: '1.8.0_181'
Driver info: org.openqa.selenium.chrome.ChromeDriver
Capabilities {acceptInsecureCerts: false, acceptSslCerts: false, applicationCacheEnabled: false, browserConnectionEnabled: false, browserName: chrome, chrome: {chromedriverVersion: 2.42.591088 (7b2b2dca23cca0..., userDataDir: C:\Users\NISCHAL\AppData\Lo...}, cssSelectorsEnabled: true, databaseEnabled: false, goog:chromeOptions: {debuggerAddress: localhost:56314}, handlesAlerts: true, hasTouchScreen: false, javascriptEnabled: true, locationContextEnabled: true, mobileEmulationEnabled: false, nativeEvents: true, networkConnectionEnabled: false, pageLoadStrategy: normal, platform: XP, platformName: XP, rotatable: false, setWindowRect: true, takesHeapSnapshot: true, takesScreenshot: true, unexpectedAlertBehaviour: , unhandledPromptBehavior: , version: 68.0.3440.106, webStorageEnabled: true}
Session ID: ae3d5988ffbefa7ce90af0dd9e49613f]]>
            </message>
            <full-stacktrace>
              <![CDATA[org.openqa.selenium.TimeoutException: timeout
  (Session info: chrome=68.0.3440.106)
  (Driver info: chromedriver=2.42.591088 (7b2b2dca23cca0862f674758c9a3933e685c27d5),platform=Windows NT 10.0.17134 x86_64) (WARNING: The server did not provide any stacktrace information)
Command duration or timeout: 0 milliseconds
Build info: version: '3.14.0', revision: 'aacccce0', time: '2018-08-02T20:19:58.91Z'
System info: host: 'NISCHAL', ip: '192.168.0.106', os.name: 'Windows 10', os.arch: 'amd64', os.version: '10.0', java.version: '1.8.0_181'
Driver info: org.openqa.selenium.chrome.ChromeDriver
Capabilities {acceptInsecureCerts: false, acceptSslCerts: false, applicationCacheEnabled: false, browserConnectionEnabled: false, browserName: chrome, chrome: {chromedriverVersion: 2.42.591088 (7b2b2dca23cca0..., userDataDir: C:\Users\NISCHAL\AppData\Lo...}, cssSelectorsEnabled: true, databaseEnabled: false, goog:chromeOptions: {debuggerAddress: localhost:56314}, handlesAlerts: true, hasTouchScreen: false, javascriptEnabled: true, locationContextEnabled: true, mobileEmulationEnabled: false, nativeEvents: true, networkConnectionEnabled: false, pageLoadStrategy: normal, platform: XP, platformName: XP, rotatable: false, setWindowRect: true, takesHeapSnapshot: true, takesScreenshot: true, unexpectedAlertBehaviour: , unhandledPromptBehavior: , version: 68.0.3440.106, webStorageEnabled: true}
Session ID: ae3d5988ffbefa7ce90af0dd9e49613f
	at sun.reflect.NativeConstructorAccessorImpl.newInstance0(Native Method)
	at sun.reflect.NativeConstructorAccessorImpl.newInstance(Unknown Source)
	at sun.reflect.DelegatingConstructorAccessorImpl.newInstance(Unknown Source)
	at java.lang.reflect.Constructor.newInstance(Unknown Source)
	at org.openqa.selenium.remote.ErrorHandler.createThrowable(ErrorHandler.java:214)
	at org.openqa.selenium.remote.ErrorHandler.throwIfResponseFailed(ErrorHandler.java:166)
	at org.openqa.selenium.remote.http.JsonHttpResponseCodec.reconstructValue(JsonHttpResponseCodec.java:40)
	at org.openqa.selenium.remote.http.AbstractHttpResponseCodec.decode(AbstractHttpResponseCodec.java:80)
	at org.openqa.selenium.remote.http.AbstractHttpResponseCodec.decode(AbstractHttpResponseCodec.java:44)
	at org.openqa.selenium.remote.HttpCommandExecutor.execute(HttpCommandExecutor.java:158)
	at org.openqa.selenium.remote.service.DriverCommandExecutor.execute(DriverCommandExecutor.java:83)
	at org.openqa.selenium.remote.RemoteWebDriver.execute(RemoteWebDriver.java:548)
	at org.openqa.selenium.remote.RemoteWebDriver.get(RemoteWebDriver.java:276)
	at com.automation.qa.base.TestBase.initialisation(TestBase.java:71)
	at com.automation.qa.testcases.CreateAccountTest.SetUp(CreateAccountTest.java:24)
	at sun.reflect.NativeMethodAccessorImpl.invoke0(Native Method)
	at sun.reflect.NativeMethodAccessorImpl.invoke(Unknown Source)
	at sun.reflect.DelegatingMethodAccessorImpl.invoke(Unknown Source)
	at java.lang.reflect.Method.invoke(Unknown Source)
	at org.testng.internal.MethodInvocationHelper.invokeMethod(MethodInvocationHelper.java:86)
	at org.testng.internal.Invoker.invokeConfigurationMethod(Invoker.java:514)
	at org.testng.internal.Invoker.invokeConfigurations(Invoker.java:215)
	at org.testng.internal.Invoker.invokeMethod(Invoker.java:589)
	at org.testng.internal.Invoker.invokeTestMethod(Invoker.java:820)
	at org.testng.internal.Invoker.invokeTestMethods(Invoker.java:1128)
	at org.testng.internal.TestMethodWorker.invokeTestMethods(TestMethodWorker.java:129)
	at org.testng.internal.TestMethodWorker.run(TestMethodWorker.java:112)
	at java.util.concurrent.ThreadPoolExecutor.runWorker(Unknown Source)
	at java.util.concurrent.ThreadPoolExecutor$Worker.run(Unknown Source)
	at java.lang.Thread.run(Unknown Source)
]]>
            </full-stacktrace>
          </exception> <!-- org.openqa.selenium.TimeoutException -->
          <reporter-output>
          </reporter-output>
        </test-method> <!-- SetUp -->
        <test-method status="SKIP" signature="validateCreateAccountPageTitleTest()[pri:1, instance:com.automation.qa.testcases.CreateAccountTest@39aeed2f]" name="validateCreateAccountPageTitleTest" duration-ms="1" started-at="2018-09-16T16:31:55Z" finished-at="2018-09-16T16:31:55Z">
          <reporter-output>
          </reporter-output>
        </test-method> <!-- validateCreateAccountPageTitleTest -->
        <test-method status="SKIP" signature="SetUp()[pri:0, instance:com.automation.qa.testcases.CreateAccountTest@39aeed2f]" name="SetUp" is-config="true" duration-ms="0" started-at="2018-09-16T16:31:55Z" finished-at="2018-09-16T16:31:55Z">
          <reporter-output>
          </reporter-output>
        </test-method> <!-- SetUp -->
        <test-method status="SKIP" signature="tearDown()[pri:0, instance:com.automation.qa.testcases.CreateAccountTest@39aeed2f]" name="tearDown" is-config="true" duration-ms="0" started-at="2018-09-16T16:31:55Z" finished-at="2018-09-16T16:31:55Z">
          <reporter-output>
          </reporter-output>
        </test-method> <!-- tearDown -->
        <test-method status="SKIP" signature="createAccountTest()[pri:2, instance:com.automation.qa.testcases.CreateAccountTest@39aeed2f]" name="createAccountTest" duration-ms="0" started-at="2018-09-16T16:31:55Z" finished-at="2018-09-16T16:31:55Z">
          <reporter-output>
          </reporter-output>
        </test-method> <!-- createAccountTest -->
        <test-method status="SKIP" signature="tearDown()[pri:0, instance:com.automation.qa.testcases.CreateAccountTest@39aeed2f]" name="tearDown" is-config="true" duration-ms="0" started-at="2018-09-16T16:31:55Z" finished-at="2018-09-16T16:31:55Z">
          <reporter-output>
          </reporter-output>
        </test-method> <!-- tearDown -->
      </class> <!-- com.automation.qa.testcases.CreateAccountTest -->
      <class name="com.automation.qa.testcases.LoginPageTest">
        <test-method status="PASS" signature="SetUp()[pri:0, instance:com.automation.qa.testcases.LoginPageTest@724af044]" name="SetUp" is-config="true" duration-ms="36515" started-at="2018-09-16T16:31:27Z" finished-at="2018-09-16T16:32:03Z">
          <reporter-output>
          </reporter-output>
        </test-method> <!-- SetUp -->
        <test-method status="PASS" signature="validateCreateAccountPageTitleTest()[pri:1, instance:com.automation.qa.testcases.LoginPageTest@724af044]" name="validateCreateAccountPageTitleTest" duration-ms="15" started-at="2018-09-16T16:32:03Z" finished-at="2018-09-16T16:32:03Z">
          <reporter-output>
          </reporter-output>
        </test-method> <!-- validateCreateAccountPageTitleTest -->
        <test-method status="PASS" signature="tearDown()[pri:0, instance:com.automation.qa.testcases.LoginPageTest@724af044]" name="tearDown" is-config="true" duration-ms="85" started-at="2018-09-16T16:32:03Z" finished-at="2018-09-16T16:32:03Z">
          <reporter-output>
          </reporter-output>
        </test-method> <!-- tearDown -->
        <test-method status="PASS" signature="SetUp()[pri:0, instance:com.automation.qa.testcases.LoginPageTest@724af044]" name="SetUp" is-config="true" duration-ms="14812" started-at="2018-09-16T16:32:03Z" finished-at="2018-09-16T16:32:18Z">
          <reporter-output>
          </reporter-output>
        </test-method> <!-- SetUp -->
        <test-method status="PASS" signature="loginPageTest()[pri:2, instance:com.automation.qa.testcases.LoginPageTest@724af044]" name="loginPageTest" duration-ms="2719" started-at="2018-09-16T16:32:18Z" finished-at="2018-09-16T16:32:21Z">
          <reporter-output>
          </reporter-output>
        </test-method> <!-- loginPageTest -->
        <test-method status="PASS" signature="tearDown()[pri:0, instance:com.automation.qa.testcases.LoginPageTest@724af044]" name="tearDown" is-config="true" duration-ms="2208" started-at="2018-09-16T16:32:21Z" finished-at="2018-09-16T16:32:23Z">
          <reporter-output>
          </reporter-output>
        </test-method> <!-- tearDown -->
      </class> <!-- com.automation.qa.testcases.LoginPageTest -->
    </test> <!-- Command line test -->
  </suite> <!-- Command line suite -->
</testng-results>
