<?xml version="1.0" encoding="UTF-8"?>
<testng-results skipped="0" failed="0" ignored="0" total="2" passed="2">
  <reporter-output>
  </reporter-output>
  <suite name="Default suite" duration-ms="8844" started-at="2018-09-16T10:55:49Z" finished-at="2018-09-16T10:55:58Z">
    <groups>
    </groups>
    <test name="Default test" duration-ms="8844" started-at="2018-09-16T10:55:49Z" finished-at="2018-09-16T10:55:58Z">
      <class name="newtestngproject.newtestng.GoogleLaunch">
        <test-method status="PASS" signature="setup()[pri:0, instance:newtestngproject.newtestng.GoogleLaunch@16022d9d]" name="setup" is-config="true" duration-ms="14" started-at="2018-09-16T10:55:49Z" finished-at="2018-09-16T10:55:49Z">
          <reporter-output>
          </reporter-output>
        </test-method> <!-- setup -->
        <test-method status="PASS" signature="LaunchBrowser()[pri:0, instance:newtestngproject.newtestng.GoogleLaunch@16022d9d]" name="LaunchBrowser" is-config="true" duration-ms="8586" started-at="2018-09-16T10:55:49Z" finished-at="2018-09-16T10:55:57Z">
          <reporter-output>
          </reporter-output>
        </test-method> <!-- LaunchBrowser -->
        <test-method status="PASS" signature="VerifyTheCurrentURL()[pri:0, instance:newtestngproject.newtestng.GoogleLaunch@16022d9d]" name="VerifyTheCurrentURL" duration-ms="13" started-at="2018-09-16T10:55:57Z" finished-at="2018-09-16T10:55:57Z">
          <reporter-output>
          </reporter-output>
        </test-method> <!-- VerifyTheCurrentURL -->
        <test-method status="PASS" signature="VerifyTheTile()[pri:0, instance:newtestngproject.newtestng.GoogleLaunch@16022d9d]" name="VerifyTheTile" duration-ms="7" started-at="2018-09-16T10:55:57Z" finished-at="2018-09-16T10:55:57Z">
          <reporter-output>
          </reporter-output>
        </test-method> <!-- VerifyTheTile -->
        <test-method status="PASS" signature="CloseTheBrowser()[pri:0, instance:newtestngproject.newtestng.GoogleLaunch@16022d9d]" name="CloseTheBrowser" is-config="true" duration-ms="215" started-at="2018-09-16T10:55:57Z" finished-at="2018-09-16T10:55:58Z">
          <reporter-output>
          </reporter-output>
        </test-method> <!-- CloseTheBrowser -->
        <test-method status="PASS" signature="end()[pri:0, instance:newtestngproject.newtestng.GoogleLaunch@16022d9d]" name="end" is-config="true" duration-ms="1" started-at="2018-09-16T10:55:58Z" finished-at="2018-09-16T10:55:58Z">
          <reporter-output>
          </reporter-output>
        </test-method> <!-- end -->
      </class> <!-- newtestngproject.newtestng.GoogleLaunch -->
    </test> <!-- Default test -->
  </suite> <!-- Default suite -->
</testng-results>
