<?xml version="1.0" encoding="UTF-8"?>
<testng-results skipped="0" failed="0" total="2" passed="2">
  <reporter-output>
  </reporter-output>
  <suite name="newtestngproject.newtestng.TestNGPractice" duration-ms="20" started-at="2018-09-16T11:05:11Z" finished-at="2018-09-16T11:05:11Z">
    <groups>
    </groups>
    <test name="Command line test" duration-ms="20" started-at="2018-09-16T11:05:11Z" finished-at="2018-09-16T11:05:11Z">
      <class name="newtestngproject.newtestng.TestNGPractice">
        <test-method status="PASS" signature="setup()[pri:0, instance:newtestngproject.newtestng.TestNGPractice@2a5ca609]" name="setup" is-config="true" duration-ms="12" started-at="2018-09-16T16:35:11Z" finished-at="2018-09-16T16:35:11Z">
          <reporter-output>
          </reporter-output>
        </test-method> <!-- setup -->
        <test-method status="PASS" signature="launchBrowser()[pri:0, instance:newtestngproject.newtestng.TestNGPractice@2a5ca609]" name="launchBrowser" is-config="true" duration-ms="1" started-at="2018-09-16T16:35:11Z" finished-at="2018-09-16T16:35:11Z">
          <reporter-output>
          </reporter-output>
        </test-method> <!-- launchBrowser -->
        <test-method status="PASS" signature="enterURL()[pri:0, instance:newtestngproject.newtestng.TestNGPractice@2a5ca609]" name="enterURL" is-config="true" duration-ms="0" started-at="2018-09-16T16:35:11Z" finished-at="2018-09-16T16:35:11Z">
          <reporter-output>
          </reporter-output>
        </test-method> <!-- enterURL -->
        <test-method status="PASS" signature="verifyCurrentURL()[pri:0, instance:newtestngproject.newtestng.TestNGPractice@2a5ca609]" name="verifyCurrentURL" duration-ms="1" started-at="2018-09-16T16:35:11Z" finished-at="2018-09-16T16:35:11Z">
          <reporter-output>
          </reporter-output>
        </test-method> <!-- verifyCurrentURL -->
        <test-method status="PASS" signature="loginToApp()[pri:0, instance:newtestngproject.newtestng.TestNGPractice@2a5ca609]" name="loginToApp" is-config="true" duration-ms="0" started-at="2018-09-16T16:35:11Z" finished-at="2018-09-16T16:35:11Z">
          <reporter-output>
          </reporter-output>
        </test-method> <!-- loginToApp -->
        <test-method status="PASS" signature="logoutFromApp()[pri:0, instance:newtestngproject.newtestng.TestNGPractice@2a5ca609]" name="logoutFromApp" is-config="true" duration-ms="0" started-at="2018-09-16T16:35:11Z" finished-at="2018-09-16T16:35:11Z">
          <reporter-output>
          </reporter-output>
        </test-method> <!-- logoutFromApp -->
        <test-method status="PASS" signature="loginToApp()[pri:0, instance:newtestngproject.newtestng.TestNGPractice@2a5ca609]" name="loginToApp" is-config="true" duration-ms="1" started-at="2018-09-16T16:35:11Z" finished-at="2018-09-16T16:35:11Z">
          <reporter-output>
          </reporter-output>
        </test-method> <!-- loginToApp -->
        <test-method status="PASS" signature="verifyTitle()[pri:0, instance:newtestngproject.newtestng.TestNGPractice@2a5ca609]" name="verifyTitle" duration-ms="0" started-at="2018-09-16T16:35:11Z" finished-at="2018-09-16T16:35:11Z">
          <reporter-output>
          </reporter-output>
        </test-method> <!-- verifyTitle -->
        <test-method status="PASS" signature="logoutFromApp()[pri:0, instance:newtestngproject.newtestng.TestNGPractice@2a5ca609]" name="logoutFromApp" is-config="true" duration-ms="1" started-at="2018-09-16T16:35:11Z" finished-at="2018-09-16T16:35:11Z">
          <reporter-output>
          </reporter-output>
        </test-method> <!-- logoutFromApp -->
        <test-method status="PASS" signature="deleteCookies()[pri:0, instance:newtestngproject.newtestng.TestNGPractice@2a5ca609]" name="deleteCookies" is-config="true" duration-ms="1" started-at="2018-09-16T16:35:11Z" finished-at="2018-09-16T16:35:11Z">
          <reporter-output>
          </reporter-output>
        </test-method> <!-- deleteCookies -->
        <test-method status="PASS" signature="closeBrowser()[pri:0, instance:newtestngproject.newtestng.TestNGPractice@2a5ca609]" name="closeBrowser" is-config="true" duration-ms="0" started-at="2018-09-16T16:35:11Z" finished-at="2018-09-16T16:35:11Z">
          <reporter-output>
          </reporter-output>
        </test-method> <!-- closeBrowser -->
        <test-method status="PASS" signature="generateReport()[pri:0, instance:newtestngproject.newtestng.TestNGPractice@2a5ca609]" name="generateReport" is-config="true" duration-ms="0" started-at="2018-09-16T16:35:11Z" finished-at="2018-09-16T16:35:11Z">
          <reporter-output>
          </reporter-output>
        </test-method> <!-- generateReport -->
      </class> <!-- newtestngproject.newtestng.TestNGPractice -->
    </test> <!-- Command line test -->
  </suite> <!-- newtestngproject.newtestng.TestNGPractice -->
</testng-results>
